<?xml version="1.0" encoding="UTF-8"?>
<testsuite name="com.example.mini_2.Mini2ApplicationTests" tests="1" skipped="0" failures="0" errors="0" timestamp="2025-08-17T09:45:48.129Z" hostname="BOOK-V7GKF7BVF2" time="0.381">
  <properties/>
  <testcase name="contextLoads()" classname="com.example.mini_2.Mini2ApplicationTests" time="0.381"/>
  <system-out><![CDATA[18:45:31.916 [Test worker] INFO org.springframework.test.context.support.AnnotationConfigContextLoaderUtils -- Could not detect default configuration classes for test class [com.example.mini_2.Mini2ApplicationTests]: Mini2ApplicationTests does not declare any static, non-private, non-final, nested classes annotated with @Configuration.
18:45:32.079 [Test worker] INFO org.springframework.boot.test.context.SpringBootTestContextBootstrapper -- Found @SpringBootConfiguration com.example.mini_2.Mini2Application for test class com.example.mini_2.Mini2ApplicationTests

  .   ____          _            __ _ _
 /\\ / ___'_ __ _ _(_)_ __  __ _ \ \ \ \
( ( )\___ | '_ | '_| | '_ \/ _` | \ \ \ \
 \\/  ___)| |_)| | | | | || (_| |  ) ) ) )
  '  |____| .__|_| |_|_| |_\__, | / / / /
 =========|_|==============|___/=/_/_/_/

 :: Spring Boot ::                (v3.5.4)

2025-08-17T18:45:32.514+09:00  INFO 29240 --- [MINI_2] [    Test worker] c.example.mini_2.Mini2ApplicationTests   : Starting Mini2ApplicationTests using Java 17.0.16 with PID 29240 (started by yangh in C:\Users\yangh\IdeaProjects\MINI_2_Final\MINI2_Project)
2025-08-17T18:45:32.515+09:00  INFO 29240 --- [MINI_2] [    Test worker] c.example.mini_2.Mini2ApplicationTests   : No active profile set, falling back to 1 default profile: "default"
2025-08-17T18:45:33.354+09:00  INFO 29240 --- [MINI_2] [    Test worker] .s.d.r.c.RepositoryConfigurationDelegate : Bootstrapping Spring Data JPA repositories in DEFAULT mode.
2025-08-17T18:45:33.465+09:00  INFO 29240 --- [MINI_2] [    Test worker] .s.d.r.c.RepositoryConfigurationDelegate : Finished Spring Data repository scanning in 85 ms. Found 1 JPA repository interface.
2025-08-17T18:45:34.178+09:00  INFO 29240 --- [MINI_2] [    Test worker] o.hibernate.jpa.internal.util.LogHelper  : HHH000204: Processing PersistenceUnitInfo [name: default]
2025-08-17T18:45:34.256+09:00  INFO 29240 --- [MINI_2] [    Test worker] org.hibernate.Version                    : HHH000412: Hibernate ORM core version 6.6.22.Final
2025-08-17T18:45:34.301+09:00  INFO 29240 --- [MINI_2] [    Test worker] o.h.c.internal.RegionFactoryInitiator    : HHH000026: Second-level cache disabled
2025-08-17T18:45:34.700+09:00  INFO 29240 --- [MINI_2] [    Test worker] o.s.o.j.p.SpringPersistenceUnitInfo      : No LoadTimeWeaver setup: ignoring JPA class transformer
2025-08-17T18:45:34.754+09:00  INFO 29240 --- [MINI_2] [    Test worker] com.zaxxer.hikari.HikariDataSource       : HikariPool-1 - Starting...
2025-08-17T18:45:35.038+09:00  INFO 29240 --- [MINI_2] [    Test worker] com.zaxxer.hikari.pool.HikariPool        : HikariPool-1 - Added connection com.mysql.cj.jdbc.ConnectionImpl@68df8c6
2025-08-17T18:45:35.040+09:00  INFO 29240 --- [MINI_2] [    Test worker] com.zaxxer.hikari.HikariDataSource       : HikariPool-1 - Start completed.
2025-08-17T18:45:35.090+09:00  WARN 29240 --- [MINI_2] [    Test worker] org.hibernate.orm.deprecation            : HHH90000025: MySQLDialect does not need to be specified explicitly using 'hibernate.dialect' (remove the property setting and it will be selected by default)
2025-08-17T18:45:35.113+09:00  INFO 29240 --- [MINI_2] [    Test worker] org.hibernate.orm.connections.pooling    : HHH10001005: Database info:
	Database JDBC URL [Connecting through datasource 'HikariDataSource (HikariPool-1)']
	Database driver: undefined/unknown
	Database version: 8.0.42
	Autocommit mode: undefined/unknown
	Isolation level: undefined/unknown
	Minimum pool size: undefined/unknown
	Maximum pool size: undefined/unknown
2025-08-17T18:45:35.980+09:00  INFO 29240 --- [MINI_2] [    Test worker] o.h.e.t.j.p.i.JtaPlatformInitiator       : HHH000489: No JTA platform available (set 'hibernate.transaction.jta.platform' to enable JTA platform integration)
2025-08-17T18:45:35.983+09:00  INFO 29240 --- [MINI_2] [    Test worker] j.LocalContainerEntityManagerFactoryBean : Initialized JPA EntityManagerFactory for persistence unit 'default'
✅ MQTT 구독 시작됨
2025-08-17T18:45:38.946+09:00  WARN 29240 --- [MINI_2] [    Test worker] JpaBaseConfiguration$JpaWebConfiguration : spring.jpa.open-in-view is enabled by default. Therefore, database queries may be performed during view rendering. Explicitly configure spring.jpa.open-in-view to disable this warning
2025-08-17T18:45:39.374+09:00  INFO 29240 --- [MINI_2] [    Test worker] c.example.mini_2.Mini2ApplicationTests   : Started Mini2ApplicationTests in 7.151 seconds (process running for 8.294)
✅ MQTT 구독 시작됨
]]></system-out>
  <system-err><![CDATA[]]></system-err>
</testsuite>
